<?xml version="1.0" encoding="UTF-8"?>
<!-- Generated by org.testng.reporters.JUnitReportReporter -->
<testsuite hostname="DESKTOP-QNHQCGN" failures="0" tests="1" name="org.com.runner.TestRunner" time="3.115" errors="0" timestamp="29 Sep 2021 20:06:49 GMT" skipped="0">
  <testcase classname="org.com.runner.TestRunner" name="init" time="3.115"/>
</testsuite> <!-- org.com.runner.TestRunner -->
