<?xml version="1.0" encoding="UTF-8"?>
<!-- Generated by org.testng.reporters.JUnitReportReporter -->
<testsuite hostname="DESKTOP-QNHQCGN" failures="0" tests="1" name="org.com.runner.TestRunner" time="9.175" errors="0" timestamp="29 Sep 2021 19:00:08 GMT" skipped="0">
  <testcase classname="org.com.runner.TestRunner" name="init" time="9.175"/>
</testsuite> <!-- org.com.runner.TestRunner -->
