<?xml version="1.0" encoding="UTF-8"?>
<!-- Generated by org.testng.reporters.JUnitReportReporter -->
<testsuite hostname="DESKTOP-QNHQCGN" failures="0" tests="1" name="org.com.runner.TestRunner" time="7.889" errors="0" timestamp="08 Oct 2021 02:08:01 GMT" skipped="0">
  <testcase classname="org.com.runner.TestRunner" name="init" time="7.889"/>
</testsuite> <!-- org.com.runner.TestRunner -->
